<?xml version="1.0" encoding="UTF-8"?>
<testng-results skipped="0" failed="0" ignored="0" total="1" passed="1">
  <reporter-output>
  </reporter-output>
  <suite name="Default suite" duration-ms="47" started-at="2018-04-02T07:20:28Z" finished-at="2018-04-02T07:20:28Z">
    <groups>
    </groups>
    <test name="Default test" duration-ms="47" started-at="2018-04-02T07:20:28Z" finished-at="2018-04-02T07:20:28Z">
      <class name="com.testcases.TestngSample">
        <test-method status="PASS" signature="text()[pri:0, instance:com.testcases.TestngSample@42d8062c]" name="text" duration-ms="15" started-at="2018-04-02T07:20:28Z" finished-at="2018-04-02T07:20:28Z">
          <reporter-output>
          </reporter-output>
        </test-method> <!-- text -->
      </class> <!-- com.testcases.TestngSample -->
    </test> <!-- Default test -->
  </suite> <!-- Default suite -->
</testng-results>
